# JRE version: OpenJDK Runtime Environment Corretto-17.0.12.7.1 (17.0.12+7) (build 17.0.12+7-LTS)
# Java VM: OpenJDK 64-Bit Server VM Corretto-17.0.12.7.1 (17.0.12+7-LTS, mixed mode, sharing, tiered, compressed oops, compressed class ptrs, g1 gc, windows-amd64)
GC Precious Log:
 CPUs: 16 total, 16 available
 Memory: 32694M
 Large Page Support: Disabled
 NUMA Support: Disabled
 Compressed Oops: Enabled (32-bit)
 Heap Region Size: 1M
 Heap Min Capacity: 8M
 Heap Initial Capacity: 512M
 Heap Max Capacity: 1G
 Pre-touch: Disabled
 Parallel Workers: 13
 Concurrent Workers: 3
 Concurrent Refinement Workers: 13
 Periodic GC: Disabled
Heap:
 garbage-first heap   total 106496K, used 62581K [0x00000000c0000000, 0x0000000100000000)
  region size 1024K, 13 young (13312K), 2 survivors (2048K)
 Metaspace       used 9677K, committed 9920K, reserved 1114112K
  class space    used 1446K, committed 1600K, reserved 1048576K
GC Heap History (20 events):
Event: 0.812 GC heap before
{Heap before GC invocations=13 (full 2):
 garbage-first heap   total 39936K, used 27073K [0x00000000c0000000, 0x0000000100000000)
  region size 1024K, 9 young (9216K), 1 survivors (1024K)
 Metaspace       used 7848K, committed 8128K, reserved 1114112K
  class space    used 1152K, committed 1280K, reserved 1048576K
}
Event: 0.816 GC heap after
{Heap after GC invocations=14 (full 2):
 garbage-first heap   total 282624K, used 19873K [0x00000000c0000000, 0x0000000100000000)
  region size 1024K, 2 young (2048K), 2 survivors (2048K)
 Metaspace       used 7848K, committed 8128K, reserved 1114112K
  class space    used 1152K, committed 1280K, reserved 1048576K
}
Event: 0.858 GC heap before
{Heap before GC invocations=15 (full 2):
 garbage-first heap   total 75776K, used 38305K [0x00000000c0000000, 0x0000000100000000)
  region size 1024K, 23 young (23552K), 2 survivors (2048K)
 Metaspace       used 7948K, committed 8192K, reserved 1114112K
  class space    used 1153K, committed 1280K, reserved 1048576K
}
Event: 0.876 GC heap after
{Heap after GC invocations=16 (full 3):
 garbage-first heap   total 68608K, used 19428K [0x00000000c0000000, 0x0000000100000000)
  region size 1024K, 0 young (0K), 0 survivors (0K)
 Metaspace       used 7948K, committed 8192K, reserved 1114112K
  class space    used 1153K, committed 1280K, reserved 1048576K
}
Event: 0.911 GC heap before
{Heap before GC invocations=16 (full 3):
 garbage-first heap   total 68608K, used 45028K [0x00000000c0000000, 0x0000000100000000)
  region size 1024K, 25 young (25600K), 0 survivors (0K)
 Metaspace       used 7954K, committed 8192K, reserved 1114112K
  class space    used 1154K, committed 1280K, reserved 1048576K
}
Event: 0.915 GC heap after
{Heap after GC invocations=17 (full 3):
 garbage-first heap   total 68608K, used 22322K [0x00000000c0000000, 0x0000000100000000)
  region size 1024K, 3 young (3072K), 3 survivors (3072K)
 Metaspace       used 7954K, committed 8192K, reserved 1114112K
  class space    used 1154K, committed 1280K, reserved 1048576K
}
Event: 0.943 GC heap before
{Heap before GC invocations=17 (full 3):
 garbage-first heap   total 68608K, used 47922K [0x00000000c0000000, 0x0000000100000000)
  region size 1024K, 28 young (28672K), 3 survivors (3072K)
 Metaspace       used 7959K, committed 8192K, reserved 1114112K
  class space    used 1154K, committed 1280K, reserved 1048576K
}
Event: 0.949 GC heap after
{Heap after GC invocations=18 (full 3):
 garbage-first heap   total 68608K, used 24769K [0x00000000c0000000, 0x0000000100000000)
  region size 1024K, 3 young (3072K), 3 survivors (3072K)
 Metaspace       used 7959K, committed 8192K, reserved 1114112K
  class space    used 1154K, committed 1280K, reserved 1048576K
}
Event: 1.004 GC heap before
{Heap before GC invocations=18 (full 3):
 garbage-first heap   total 68608K, used 50369K [0x00000000c0000000, 0x0000000100000000)
  region size 1024K, 26 young (26624K), 3 survivors (3072K)
 Metaspace       used 8120K, committed 8384K, reserved 1114112K
  class space    used 1205K, committed 1344K, reserved 1048576K
}
Event: 1.011 GC heap after
{Heap after GC invocations=19 (full 3):
 garbage-first heap   total 68608K, used 30863K [0x00000000c0000000, 0x0000000100000000)
  region size 1024K, 4 young (4096K), 4 survivors (4096K)
 Metaspace       used 8120K, committed 8384K, reserved 1114112K
  class space    used 1205K, committed 1344K, reserved 1048576K
}
Event: 1.027 GC heap before
{Heap before GC invocations=19 (full 3):
 garbage-first heap   total 68608K, used 49295K [0x00000000c0000000, 0x0000000100000000)
  region size 1024K, 22 young (22528K), 4 survivors (4096K)
 Metaspace       used 8121K, committed 8384K, reserved 1114112K
  class space    used 1205K, committed 1344K, reserved 1048576K
}
Event: 1.033 GC heap after
{Heap after GC invocations=20 (full 3):
 garbage-first heap   total 296960K, used 32996K [0x00000000c0000000, 0x0000000100000000)
  region size 1024K, 2 young (2048K), 2 survivors (2048K)
 Metaspace       used 8121K, committed 8384K, reserved 1114112K
  class space    used 1205K, committed 1344K, reserved 1048576K
}
Event: 1.083 GC heap before
{Heap before GC invocations=20 (full 3):
 garbage-first heap   total 296960K, used 92388K [0x00000000c0000000, 0x0000000100000000)
  region size 1024K, 61 young (62464K), 2 survivors (2048K)
 Metaspace       used 8122K, committed 8384K, reserved 1114112K
  class space    used 1205K, committed 1344K, reserved 1048576K
}
Event: 1.095 GC heap after
{Heap after GC invocations=21 (full 4):
 garbage-first heap   total 106496K, used 28575K [0x00000000c0000000, 0x0000000100000000)
  region size 1024K, 0 young (0K), 0 survivors (0K)
 Metaspace       used 8122K, committed 8384K, reserved 1114112K
  class space    used 1205K, committed 1344K, reserved 1048576K
}
Event: 1.149 GC heap before
{Heap before GC invocations=21 (full 4):
 garbage-first heap   total 106496K, used 69535K [0x00000000c0000000, 0x0000000100000000)
  region size 1024K, 39 young (39936K), 0 survivors (0K)
 Metaspace       used 8122K, committed 8384K, reserved 1114112K
  class space    used 1205K, committed 1344K, reserved 1048576K
}
Event: 1.166 GC heap after
{Heap after GC invocations=22 (full 5):
 garbage-first heap   total 106496K, used 35002K [0x00000000c0000000, 0x0000000100000000)
  region size 1024K, 0 young (0K), 0 survivors (0K)
 Metaspace       used 8122K, committed 8384K, reserved 1114112K
  class space    used 1205K, committed 1344K, reserved 1048576K
}
Event: 1.305 GC heap before
{Heap before GC invocations=22 (full 5):
 garbage-first heap   total 106496K, used 88250K [0x00000000c0000000, 0x0000000100000000)
  region size 1024K, 43 young (44032K), 0 survivors (0K)
 Metaspace       used 8892K, committed 9088K, reserved 1114112K
  class space    used 1345K, committed 1472K, reserved 1048576K
}
Event: 1.319 GC heap after
{Heap after GC invocations=23 (full 5):
 garbage-first heap   total 106496K, used 56448K [0x00000000c0000000, 0x0000000100000000)
  region size 1024K, 6 young (6144K), 6 survivors (6144K)
 Metaspace       used 8892K, committed 9088K, reserved 1114112K
  class space    used 1345K, committed 1472K, reserved 1048576K
}
Event: 1.328 GC heap before
{Heap before GC invocations=23 (full 5):
 garbage-first heap   total 106496K, used 65664K [0x00000000c0000000, 0x0000000100000000)
  region size 1024K, 16 young (16384K), 6 survivors (6144K)
 Metaspace       used 8892K, committed 9088K, reserved 1114112K
  class space    used 1345K, committed 1472K, reserved 1048576K
}
Event: 1.344 GC heap after
{Heap after GC invocations=24 (full 5):
 garbage-first heap   total 106496K, used 58333K [0x00000000c0000000, 0x0000000100000000)
  region size 1024K, 2 young (2048K), 2 survivors (2048K)
 Metaspace       used 8892K, committed 9088K, reserved 1114112K
  class space    used 1345K, committed 1472K, reserved 1048576K
}

